Apr 12, 2021 9:18:11 PM Peer logConnectionTo
INFO: Peer [1003] made a connection to Peer [1001]
Apr 12, 2021 9:18:11 PM Peer logConnectionTo
INFO: Peer [1003] made a connection to Peer [1002]
Apr 12, 2021 9:18:12 PM Peer logBitfieldFrom
INFO: Peer [1003] has received a bitfield message from [1001]
Apr 12, 2021 9:18:12 PM Peer logBitfieldFrom
INFO: Peer [1003] has received a bitfield message from [1002]
Apr 12, 2021 9:18:12 PM Peer logDownload
INFO: Peer [1003] has downloaded the piece [2] from [1001]. Now the number of pieces it has is 1.
Apr 12, 2021 9:18:12 PM Peer logDownload
INFO: Peer [1003] has downloaded the piece [17] from [1002]. Now the number of pieces it has is 2.
Apr 12, 2021 9:18:13 PM Peer logDownload
INFO: Peer [1003] has downloaded the piece [8] from [1001]. Now the number of pieces it has is 3.
Apr 12, 2021 9:18:13 PM Peer logDownload
INFO: Peer [1003] has downloaded the piece [8] from [1002]. Now the number of pieces it has is 3.
Apr 12, 2021 9:18:13 PM Peer logDownload
INFO: Peer [1003] has downloaded the piece [4] from [1001]. Now the number of pieces it has is 4.
Apr 12, 2021 9:18:14 PM Peer logDownload
INFO: Peer [1003] has downloaded the piece [13] from [1001]. Now the number of pieces it has is 5.
Apr 12, 2021 9:18:14 PM Peer logDownload
INFO: Peer [1003] has downloaded the piece [7] from [1001]. Now the number of pieces it has is 6.
Apr 12, 2021 9:18:15 PM Peer logDownload
INFO: Peer [1003] has downloaded the piece [19] from [1001]. Now the number of pieces it has is 7.
Apr 12, 2021 9:18:15 PM Peer logDownload
INFO: Peer [1003] has downloaded the piece [14] from [1001]. Now the number of pieces it has is 8.
Apr 12, 2021 9:18:16 PM Peer logDownload
INFO: Peer [1003] has downloaded the piece [16] from [1001]. Now the number of pieces it has is 9.
Apr 12, 2021 9:18:16 PM Peer logDownload
INFO: Peer [1003] has downloaded the piece [5] from [1001]. Now the number of pieces it has is 10.
Apr 12, 2021 9:18:17 PM Peer logDownload
INFO: Peer [1003] has downloaded the piece [3] from [1001]. Now the number of pieces it has is 11.
Apr 12, 2021 9:18:17 PM Peer logDownload
INFO: Peer [1003] has downloaded the piece [12] from [1001]. Now the number of pieces it has is 12.
Apr 12, 2021 9:18:18 PM Peer logDownload
INFO: Peer [1003] has downloaded the piece [15] from [1001]. Now the number of pieces it has is 13.
Apr 12, 2021 9:18:18 PM Peer logDownload
INFO: Peer [1003] has downloaded the piece [6] from [1001]. Now the number of pieces it has is 14.
Apr 12, 2021 9:18:19 PM Peer logDownload
INFO: Peer [1003] has downloaded the piece [1] from [1001]. Now the number of pieces it has is 15.
Apr 12, 2021 9:18:19 PM Peer logDownload
INFO: Peer [1003] has downloaded the piece [11] from [1001]. Now the number of pieces it has is 16.
Apr 12, 2021 9:18:20 PM Peer logDownload
INFO: Peer [1003] has downloaded the piece [18] from [1001]. Now the number of pieces it has is 17.
Apr 12, 2021 9:18:20 PM Peer logDownload
INFO: Peer [1003] has downloaded the piece [10] from [1001]. Now the number of pieces it has is 18.
Apr 12, 2021 9:18:21 PM Peer logDownload
INFO: Peer [1003] has downloaded the piece [9] from [1001]. Now the number of pieces it has is 19.
Apr 12, 2021 9:18:21 PM Peer logDone
INFO: Peer [1003] has downloaded the complete file.
